<?xml version="1.0" encoding="UTF-8"?>
<coverage generated="1765931168773" clover="3.2.0">
  <project timestamp="1765931168773" name="All files">
    <metrics statements="9" coveredstatements="9" conditionals="8" coveredconditionals="8" methods="3" coveredmethods="3" elements="20" coveredelements="20" complexity="0" loc="9" ncloc="9" packages="1" files="2" classes="2"/>
    <file name="getHealthStatus.js" path="/home/user/JS-study/js-tests-1/src/getHealthStatus.js">
      <metrics statements="8" coveredstatements="8" conditionals="8" coveredconditionals="8" methods="1" coveredmethods="1"/>
      <line num="2" count="6" type="cond" truecount="2" falsecount="0"/>
      <line num="3" count="1" type="stmt"/>
      <line num="6" count="5" type="cond" truecount="2" falsecount="0"/>
      <line num="7" count="1" type="stmt"/>
      <line num="8" count="4" type="cond" truecount="4" falsecount="0"/>
      <line num="9" count="3" type="stmt"/>
      <line num="11" count="1" type="stmt"/>
      <line num="13" count="5" type="stmt"/>
    </file>
    <file name="sortedWarriors.js" path="/home/user/JS-study/js-tests-1/src/sortedWarriors.js">
      <metrics statements="1" coveredstatements="1" conditionals="0" coveredconditionals="0" methods="2" coveredmethods="2"/>
      <line num="2" count="4" type="stmt"/>
    </file>
  </project>
</coverage>
